<?xml version="1.0" encoding="UTF-8"?>
<testsuite name="com.techsophy.awgment.taskmanagement.utils.WebClientWrapperTest" tests="2" skipped="0" failures="0" errors="0" timestamp="2022-09-20T08:40:33" hostname="shankar-Lap" time="0.076">
  <properties/>
  <testcase name="createWebClientTest()" classname="com.techsophy.awgment.taskmanagement.utils.WebClientWrapperTest" time="0.01"/>
  <testcase name="getWebClientRequestTest()" classname="com.techsophy.awgment.taskmanagement.utils.WebClientWrapperTest" time="0.066"/>
  <system-out><![CDATA[]]></system-out>
  <system-err><![CDATA[]]></system-err>
</testsuite>
