<?xml version="1.0" encoding="UTF-8"?>
<testsuite name="com.techsophy.awgment.taskmanagement.service.TaskServiceImplTest" tests="7" skipped="0" failures="0" errors="0" timestamp="2022-09-20T08:40:32" hostname="shankar-Lap" time="0.092">
  <properties/>
  <testcase name="getAllUsersByFilterPagination()" classname="com.techsophy.awgment.taskmanagement.service.TaskServiceImplTest" time="0.068"/>
  <testcase name="getAllTasksListByFilter()" classname="com.techsophy.awgment.taskmanagement.service.TaskServiceImplTest" time="0.003"/>
  <testcase name="saveTaskTest()" classname="com.techsophy.awgment.taskmanagement.service.TaskServiceImplTest" time="0.007"/>
  <testcase name="updateTaskTest()" classname="com.techsophy.awgment.taskmanagement.service.TaskServiceImplTest" time="0.003"/>
  <testcase name="getAllTasksByPagination()" classname="com.techsophy.awgment.taskmanagement.service.TaskServiceImplTest" time="0.002"/>
  <testcase name="getTaskByIdTest()" classname="com.techsophy.awgment.taskmanagement.service.TaskServiceImplTest" time="0.002"/>
  <testcase name="deleteTaskById()" classname="com.techsophy.awgment.taskmanagement.service.TaskServiceImplTest" time="0.002"/>
  <system-out><![CDATA[]]></system-out>
  <system-err><![CDATA[]]></system-err>
</testsuite>
