<?xml version="1.0" encoding="UTF-8"?>
<testsuite name="com.techsophy.awgment.taskmanagement.config.GlobalMessageSourceTest" tests="3" skipped="0" failures="0" errors="0" timestamp="2022-09-20T08:40:27" hostname="shankar-Lap" time="0.401">
  <properties/>
  <testcase name="getTestDoubleArgumentsLocale()" classname="com.techsophy.awgment.taskmanagement.config.GlobalMessageSourceTest" time="0.395"/>
  <testcase name="getTestDoubleArguments()" classname="com.techsophy.awgment.taskmanagement.config.GlobalMessageSourceTest" time="0.002"/>
  <testcase name="getTestSingleArgument()" classname="com.techsophy.awgment.taskmanagement.config.GlobalMessageSourceTest" time="0.002"/>
  <system-out><![CDATA[]]></system-out>
  <system-err><![CDATA[]]></system-err>
</testsuite>
